<?xml version="1.0" encoding="UTF-8"?>
<testsuite xmlns:xsi="http://www.w3.org/2001/XMLSchema-instance" xsi:noNamespaceSchemaLocation="https://maven.apache.org/surefire/maven-surefire-plugin/xsd/surefire-test-report.xsd" version="3.0.2" name="com.ai_app_be.HelloControllerTest" time="3.198" tests="2" errors="0" skipped="0" failures="0" flakes="0">
  <properties>
[...]
</properties>
  <testcase name="testHello" classname="com.ai_app_be.HelloControllerTest" time="0.692">
    <system-out><![CDATA[
  .   ____          _            __ _ _
 /\\ / ___'_ __ _ _(_)_ __  __ _ \ \ \ \
( ( )\___ | '_ | '_| | '_ \/ _` | \ \ \ \
 \\/  ___)| |_)| | | | | || (_| |  ) ) ) )
  '  |____| .__|_| |_|_| |_\__, | / / / /
 =========|_|==============|___/=/_/_/_/

 :: Spring Boot ::                (v4.1.0)

2026-06-15T20:20:26.678+03:00  INFO 374062 --- [           main] com.ai_app_be.HelloControllerTest        : Starting HelloControllerTest using Java 25 with PID 374062 (started by zaferfatih in /home/zaferfatih/Programs/ai-app-be)
2026-06-15T20:20:26.681+03:00  INFO 374062 --- [           main] com.ai_app_be.HelloControllerTest        : No active profile set, falling back to 1 default profile: "default"
2026-06-15T20:20:27.576+03:00  INFO 374062 --- [           main] o.s.boot.tomcat.TomcatWebServer          : Tomcat initialized with port 0 (http)
2026-06-15T20:20:27.589+03:00  INFO 374062 --- [           main] o.apache.catalina.core.StandardService   : Starting service [Tomcat]
2026-06-15T20:20:27.589+03:00  INFO 374062 --- [           main] o.apache.catalina.core.StandardEngine    : Starting Servlet engine: [Apache Tomcat/11.0.22]
2026-06-15T20:20:27.619+03:00  INFO 374062 --- [           main] b.w.c.s.WebApplicationContextInitializer : Root WebApplicationContext: initialization completed in 923 ms
2026-06-15T20:20:27.995+03:00  INFO 374062 --- [           main] o.s.boot.tomcat.TomcatWebServer          : Tomcat started on port 44281 (http) with context path '/'
2026-06-15T20:20:28.001+03:00  INFO 374062 --- [           main] com.ai_app_be.HelloControllerTest        : Started HelloControllerTest in 1.583 seconds (process running for 2.752)
2026-06-15T20:20:28.608+03:00  INFO 374062 --- [o-auto-1-exec-1] o.a.c.c.C.[Tomcat].[localhost].[/]       : Initializing Spring DispatcherServlet 'dispatcherServlet'
2026-06-15T20:20:28.608+03:00  INFO 374062 --- [o-auto-1-exec-1] o.s.web.servlet.DispatcherServlet        : Initializing Servlet 'dispatcherServlet'
2026-06-15T20:20:28.610+03:00  INFO 374062 --- [o-auto-1-exec-1] o.s.web.servlet.DispatcherServlet        : Completed initialization in 2 ms
]]></system-out>
    <system-err><![CDATA[Mockito is currently self-attaching to enable the inline-mock-maker. This will no longer work in future releases of the JDK. Please add Mockito as an agent to your build as described in Mockito's documentation: https://javadoc.io/doc/org.mockito/mockito-core/latest/org.mockito/org/mockito/Mockito.html#0.3
WARNING: A Java agent has been loaded dynamically (/home/zaferfatih/.m2/repository/net/bytebuddy/byte-buddy-agent/1.18.10/byte-buddy-agent-1.18.10.jar)
WARNING: If a serviceability tool is in use, please run with -XX:+EnableDynamicAgentLoading to hide this warning
WARNING: If a serviceability tool is not in use, please run with -Djdk.instrument.traceUsage for more information
WARNING: Dynamic loading of agents will be disallowed by default in a future release
]]></system-err>
  </testcase>
  <testcase name="testCalc" classname="com.ai_app_be.HelloControllerTest" time="0.285">
    <system-out><![CDATA[2026-06-15T20:20:28.721+03:00  INFO 374062 --- [o-auto-1-exec-2] com.zaxxer.hikari.HikariDataSource       : HikariPool-1 - Starting...
2026-06-15T20:20:28.897+03:00  INFO 374062 --- [o-auto-1-exec-2] com.zaxxer.hikari.pool.HikariPool        : HikariPool-1 - Added connection conn0: url=jdbc:h2:mem:demo user=
2026-06-15T20:20:28.900+03:00  INFO 374062 --- [o-auto-1-exec-2] com.zaxxer.hikari.HikariDataSource       : HikariPool-1 - Start completed.
2026-06-15T20:20:28.931+03:00 DEBUG 374062 --- [o-auto-1-exec-2] jdbc.sqltiming                           :  org.springframework.jdbc.core.JdbcTemplate.lambda$query$0(JdbcTemplate.java:738)
1. SELECT 100 + 200 AS answer
 {executed in 6 msec}
2026-06-15T20:20:28.937+03:00  INFO 374062 --- [o-auto-1-exec-2] jdbc.resultsettable                      : 
|-------|
|answer |
|-------|
|300    |
|-------|

]]></system-out>
    <system-err><![CDATA[Loading class `com.mysql.jdbc.Driver'. This is deprecated. The new driver class is `com.mysql.cj.jdbc.Driver'. The driver is automatically registered via the SPI and manual loading of the driver class is generally unnecessary.
]]></system-err>
  </testcase>
</testsuite>